mode: set
qdhub/internal/infrastructure/persistence/dao/api_category_dao.go:19.53,23.2 1 1
qdhub/internal/infrastructure/persistence/dao/api_category_dao.go:26.82,32.15 4 1
qdhub/internal/infrastructure/persistence/dao/api_category_dao.go:32.15,34.3 1 0
qdhub/internal/infrastructure/persistence/dao/api_category_dao.go:34.8,36.3 1 1
qdhub/internal/infrastructure/persistence/dao/api_category_dao.go:38.2,38.16 1 1
qdhub/internal/infrastructure/persistence/dao/api_category_dao.go:38.16,40.3 1 0
qdhub/internal/infrastructure/persistence/dao/api_category_dao.go:41.2,41.12 1 1
qdhub/internal/infrastructure/persistence/dao/api_category_dao.go:45.92,47.16 2 1
qdhub/internal/infrastructure/persistence/dao/api_category_dao.go:47.16,49.3 1 0
qdhub/internal/infrastructure/persistence/dao/api_category_dao.go:50.2,50.16 1 1
qdhub/internal/infrastructure/persistence/dao/api_category_dao.go:50.16,52.3 1 1
qdhub/internal/infrastructure/persistence/dao/api_category_dao.go:53.2,53.29 1 1
qdhub/internal/infrastructure/persistence/dao/api_category_dao.go:57.82,65.15 4 1
qdhub/internal/infrastructure/persistence/dao/api_category_dao.go:65.15,67.3 1 0
qdhub/internal/infrastructure/persistence/dao/api_category_dao.go:67.8,69.3 1 1
qdhub/internal/infrastructure/persistence/dao/api_category_dao.go:71.2,71.16 1 1
qdhub/internal/infrastructure/persistence/dao/api_category_dao.go:71.16,73.3 1 0
qdhub/internal/infrastructure/persistence/dao/api_category_dao.go:74.2,74.12 1 1
qdhub/internal/infrastructure/persistence/dao/api_category_dao.go:78.70,80.2 1 1
qdhub/internal/infrastructure/persistence/dao/api_category_dao.go:83.113,88.15 4 1
qdhub/internal/infrastructure/persistence/dao/api_category_dao.go:88.15,90.3 1 0
qdhub/internal/infrastructure/persistence/dao/api_category_dao.go:90.8,92.3 1 1
qdhub/internal/infrastructure/persistence/dao/api_category_dao.go:94.2,94.16 1 1
qdhub/internal/infrastructure/persistence/dao/api_category_dao.go:94.16,96.3 1 0
qdhub/internal/infrastructure/persistence/dao/api_category_dao.go:98.2,99.27 2 1
qdhub/internal/infrastructure/persistence/dao/api_category_dao.go:99.27,101.3 1 1
qdhub/internal/infrastructure/persistence/dao/api_category_dao.go:102.2,102.22 1 1
qdhub/internal/infrastructure/persistence/dao/api_category_dao.go:106.88,109.15 3 1
qdhub/internal/infrastructure/persistence/dao/api_category_dao.go:109.15,111.3 1 0
qdhub/internal/infrastructure/persistence/dao/api_category_dao.go:111.8,113.3 1 1
qdhub/internal/infrastructure/persistence/dao/api_category_dao.go:114.2,114.16 1 1
qdhub/internal/infrastructure/persistence/dao/api_category_dao.go:114.16,116.3 1 0
qdhub/internal/infrastructure/persistence/dao/api_category_dao.go:117.2,117.12 1 1
qdhub/internal/infrastructure/persistence/dao/api_category_dao.go:121.78,132.28 2 1
qdhub/internal/infrastructure/persistence/dao/api_category_dao.go:132.28,134.3 1 0
qdhub/internal/infrastructure/persistence/dao/api_category_dao.go:136.2,136.12 1 1
qdhub/internal/infrastructure/persistence/dao/api_category_dao.go:140.78,151.24 2 1
qdhub/internal/infrastructure/persistence/dao/api_category_dao.go:151.24,154.3 2 0
qdhub/internal/infrastructure/persistence/dao/api_category_dao.go:156.2,156.15 1 1
qdhub/internal/infrastructure/persistence/dao/api_metadata_dao.go:19.53,23.2 1 1
qdhub/internal/infrastructure/persistence/dao/api_metadata_dao.go:26.82,33.16 3 1
qdhub/internal/infrastructure/persistence/dao/api_metadata_dao.go:33.16,35.3 1 0
qdhub/internal/infrastructure/persistence/dao/api_metadata_dao.go:37.2,37.15 1 1
qdhub/internal/infrastructure/persistence/dao/api_metadata_dao.go:37.15,39.3 1 0
qdhub/internal/infrastructure/persistence/dao/api_metadata_dao.go:39.8,41.3 1 1
qdhub/internal/infrastructure/persistence/dao/api_metadata_dao.go:43.2,43.16 1 1
qdhub/internal/infrastructure/persistence/dao/api_metadata_dao.go:43.16,45.3 1 0
qdhub/internal/infrastructure/persistence/dao/api_metadata_dao.go:46.2,46.12 1 1
qdhub/internal/infrastructure/persistence/dao/api_metadata_dao.go:50.92,52.16 2 1
qdhub/internal/infrastructure/persistence/dao/api_metadata_dao.go:52.16,54.3 1 0
qdhub/internal/infrastructure/persistence/dao/api_metadata_dao.go:55.2,55.16 1 1
qdhub/internal/infrastructure/persistence/dao/api_metadata_dao.go:55.16,57.3 1 1
qdhub/internal/infrastructure/persistence/dao/api_metadata_dao.go:58.2,58.24 1 1
qdhub/internal/infrastructure/persistence/dao/api_metadata_dao.go:62.82,70.16 3 1
qdhub/internal/infrastructure/persistence/dao/api_metadata_dao.go:70.16,72.3 1 0
qdhub/internal/infrastructure/persistence/dao/api_metadata_dao.go:74.2,74.15 1 1
qdhub/internal/infrastructure/persistence/dao/api_metadata_dao.go:74.15,76.3 1 0
qdhub/internal/infrastructure/persistence/dao/api_metadata_dao.go:76.8,78.3 1 1
qdhub/internal/infrastructure/persistence/dao/api_metadata_dao.go:80.2,80.16 1 1
qdhub/internal/infrastructure/persistence/dao/api_metadata_dao.go:80.16,82.3 1 0
qdhub/internal/infrastructure/persistence/dao/api_metadata_dao.go:83.2,83.12 1 1
qdhub/internal/infrastructure/persistence/dao/api_metadata_dao.go:87.70,89.2 1 1
qdhub/internal/infrastructure/persistence/dao/api_metadata_dao.go:92.113,97.15 4 1
qdhub/internal/infrastructure/persistence/dao/api_metadata_dao.go:97.15,99.3 1 0
qdhub/internal/infrastructure/persistence/dao/api_metadata_dao.go:99.8,101.3 1 1
qdhub/internal/infrastructure/persistence/dao/api_metadata_dao.go:103.2,103.16 1 1
qdhub/internal/infrastructure/persistence/dao/api_metadata_dao.go:103.16,105.3 1 0
qdhub/internal/infrastructure/persistence/dao/api_metadata_dao.go:107.2,108.27 2 1
qdhub/internal/infrastructure/persistence/dao/api_metadata_dao.go:108.27,110.17 2 1
qdhub/internal/infrastructure/persistence/dao/api_metadata_dao.go:110.17,112.4 1 0
qdhub/internal/infrastructure/persistence/dao/api_metadata_dao.go:113.3,113.38 1 1
qdhub/internal/infrastructure/persistence/dao/api_metadata_dao.go:115.2,115.22 1 1
qdhub/internal/infrastructure/persistence/dao/api_metadata_dao.go:119.109,124.15 4 1
qdhub/internal/infrastructure/persistence/dao/api_metadata_dao.go:124.15,126.3 1 0
qdhub/internal/infrastructure/persistence/dao/api_metadata_dao.go:126.8,128.3 1 1
qdhub/internal/infrastructure/persistence/dao/api_metadata_dao.go:130.2,130.16 1 1
qdhub/internal/infrastructure/persistence/dao/api_metadata_dao.go:130.16,132.3 1 0
qdhub/internal/infrastructure/persistence/dao/api_metadata_dao.go:134.2,135.27 2 1
qdhub/internal/infrastructure/persistence/dao/api_metadata_dao.go:135.27,137.17 2 1
qdhub/internal/infrastructure/persistence/dao/api_metadata_dao.go:137.17,139.4 1 0
qdhub/internal/infrastructure/persistence/dao/api_metadata_dao.go:140.3,140.38 1 1
qdhub/internal/infrastructure/persistence/dao/api_metadata_dao.go:142.2,142.22 1 1
qdhub/internal/infrastructure/persistence/dao/api_metadata_dao.go:146.88,149.15 3 1
qdhub/internal/infrastructure/persistence/dao/api_metadata_dao.go:149.15,151.3 1 0
qdhub/internal/infrastructure/persistence/dao/api_metadata_dao.go:151.8,153.3 1 1
qdhub/internal/infrastructure/persistence/dao/api_metadata_dao.go:154.2,154.16 1 1
qdhub/internal/infrastructure/persistence/dao/api_metadata_dao.go:154.16,156.3 1 0
qdhub/internal/infrastructure/persistence/dao/api_metadata_dao.go:157.2,157.12 1 1
qdhub/internal/infrastructure/persistence/dao/api_metadata_dao.go:161.87,163.16 2 1
qdhub/internal/infrastructure/persistence/dao/api_metadata_dao.go:163.16,165.3 1 0
qdhub/internal/infrastructure/persistence/dao/api_metadata_dao.go:167.2,168.16 2 1
qdhub/internal/infrastructure/persistence/dao/api_metadata_dao.go:168.16,170.3 1 0
qdhub/internal/infrastructure/persistence/dao/api_metadata_dao.go:172.2,173.16 2 1
qdhub/internal/infrastructure/persistence/dao/api_metadata_dao.go:173.16,175.3 1 0
qdhub/internal/infrastructure/persistence/dao/api_metadata_dao.go:177.2,193.30 2 1
qdhub/internal/infrastructure/persistence/dao/api_metadata_dao.go:193.30,195.3 1 1
qdhub/internal/infrastructure/persistence/dao/api_metadata_dao.go:197.2,197.17 1 1
qdhub/internal/infrastructure/persistence/dao/api_metadata_dao.go:201.87,215.26 2 1
qdhub/internal/infrastructure/persistence/dao/api_metadata_dao.go:215.26,218.3 2 1
qdhub/internal/infrastructure/persistence/dao/api_metadata_dao.go:220.2,220.29 1 1
qdhub/internal/infrastructure/persistence/dao/api_metadata_dao.go:220.29,221.78 1 1
qdhub/internal/infrastructure/persistence/dao/api_metadata_dao.go:221.78,223.4 1 0
qdhub/internal/infrastructure/persistence/dao/api_metadata_dao.go:226.2,226.30 1 1
qdhub/internal/infrastructure/persistence/dao/api_metadata_dao.go:226.30,227.80 1 1
qdhub/internal/infrastructure/persistence/dao/api_metadata_dao.go:227.80,229.4 1 0
qdhub/internal/infrastructure/persistence/dao/api_metadata_dao.go:232.2,232.25 1 1
qdhub/internal/infrastructure/persistence/dao/api_metadata_dao.go:232.25,233.70 1 0
qdhub/internal/infrastructure/persistence/dao/api_metadata_dao.go:233.70,235.4 1 0
qdhub/internal/infrastructure/persistence/dao/api_metadata_dao.go:238.2,238.20 1 1
qdhub/internal/infrastructure/persistence/dao/base_dao.go:37.83,43.2 1 1
qdhub/internal/infrastructure/persistence/dao/base_dao.go:46.62,47.15 1 0
qdhub/internal/infrastructure/persistence/dao/base_dao.go:47.15,49.3 1 0
qdhub/internal/infrastructure/persistence/dao/base_dao.go:50.2,50.13 1 0
qdhub/internal/infrastructure/persistence/dao/base_dao.go:54.60,55.15 1 0
qdhub/internal/infrastructure/persistence/dao/base_dao.go:55.15,57.3 1 0
qdhub/internal/infrastructure/persistence/dao/base_dao.go:58.2,58.13 1 0
qdhub/internal/infrastructure/persistence/dao/base_dao.go:62.65,67.15 4 1
qdhub/internal/infrastructure/persistence/dao/base_dao.go:67.15,69.3 1 0
qdhub/internal/infrastructure/persistence/dao/base_dao.go:69.8,71.3 1 1
qdhub/internal/infrastructure/persistence/dao/base_dao.go:73.2,73.26 1 1
qdhub/internal/infrastructure/persistence/dao/base_dao.go:73.26,75.3 1 1
qdhub/internal/infrastructure/persistence/dao/base_dao.go:76.2,76.16 1 1
qdhub/internal/infrastructure/persistence/dao/base_dao.go:76.16,78.3 1 0
qdhub/internal/infrastructure/persistence/dao/base_dao.go:79.2,79.21 1 1
qdhub/internal/infrastructure/persistence/dao/base_dao.go:83.62,87.15 3 1
qdhub/internal/infrastructure/persistence/dao/base_dao.go:87.15,89.3 1 0
qdhub/internal/infrastructure/persistence/dao/base_dao.go:89.8,91.3 1 1
qdhub/internal/infrastructure/persistence/dao/base_dao.go:93.2,93.16 1 1
qdhub/internal/infrastructure/persistence/dao/base_dao.go:93.16,95.3 1 0
qdhub/internal/infrastructure/persistence/dao/base_dao.go:96.2,96.12 1 1
qdhub/internal/infrastructure/persistence/dao/base_dao.go:100.57,105.15 4 1
qdhub/internal/infrastructure/persistence/dao/base_dao.go:105.15,107.3 1 0
qdhub/internal/infrastructure/persistence/dao/base_dao.go:107.8,109.3 1 1
qdhub/internal/infrastructure/persistence/dao/base_dao.go:111.2,111.16 1 1
qdhub/internal/infrastructure/persistence/dao/base_dao.go:111.16,113.3 1 0
qdhub/internal/infrastructure/persistence/dao/base_dao.go:114.2,114.22 1 1
qdhub/internal/infrastructure/persistence/dao/base_dao.go:118.39,120.2 1 1
qdhub/internal/infrastructure/persistence/dao/base_dao.go:123.44,125.2 1 0
qdhub/internal/infrastructure/persistence/dao/base_dao.go:128.98,129.15 1 0
qdhub/internal/infrastructure/persistence/dao/base_dao.go:129.15,131.3 1 0
qdhub/internal/infrastructure/persistence/dao/base_dao.go:132.2,132.32 1 0
qdhub/internal/infrastructure/persistence/dao/base_dao.go:136.99,137.15 1 0
qdhub/internal/infrastructure/persistence/dao/base_dao.go:137.15,139.3 1 0
qdhub/internal/infrastructure/persistence/dao/base_dao.go:140.2,140.37 1 0
qdhub/internal/infrastructure/persistence/dao/base_dao.go:144.105,145.15 1 0
qdhub/internal/infrastructure/persistence/dao/base_dao.go:145.15,147.3 1 0
qdhub/internal/infrastructure/persistence/dao/base_dao.go:148.2,148.40 1 0
qdhub/internal/infrastructure/persistence/dao/data_source_dao.go:19.51,23.2 1 1
qdhub/internal/infrastructure/persistence/dao/data_source_dao.go:26.80,32.15 4 1
qdhub/internal/infrastructure/persistence/dao/data_source_dao.go:32.15,34.3 1 0
qdhub/internal/infrastructure/persistence/dao/data_source_dao.go:34.8,36.3 1 1
qdhub/internal/infrastructure/persistence/dao/data_source_dao.go:38.2,38.16 1 1
qdhub/internal/infrastructure/persistence/dao/data_source_dao.go:38.16,40.3 1 0
qdhub/internal/infrastructure/persistence/dao/data_source_dao.go:41.2,41.12 1 1
qdhub/internal/infrastructure/persistence/dao/data_source_dao.go:45.90,47.16 2 1
qdhub/internal/infrastructure/persistence/dao/data_source_dao.go:47.16,49.3 1 0
qdhub/internal/infrastructure/persistence/dao/data_source_dao.go:50.2,50.16 1 1
qdhub/internal/infrastructure/persistence/dao/data_source_dao.go:50.16,52.3 1 1
qdhub/internal/infrastructure/persistence/dao/data_source_dao.go:53.2,53.29 1 1
qdhub/internal/infrastructure/persistence/dao/data_source_dao.go:57.80,65.15 4 1
qdhub/internal/infrastructure/persistence/dao/data_source_dao.go:65.15,67.3 1 0
qdhub/internal/infrastructure/persistence/dao/data_source_dao.go:67.8,69.3 1 1
qdhub/internal/infrastructure/persistence/dao/data_source_dao.go:71.2,71.16 1 1
qdhub/internal/infrastructure/persistence/dao/data_source_dao.go:71.16,73.3 1 0
qdhub/internal/infrastructure/persistence/dao/data_source_dao.go:74.2,74.12 1 1
qdhub/internal/infrastructure/persistence/dao/data_source_dao.go:78.78,80.16 2 1
qdhub/internal/infrastructure/persistence/dao/data_source_dao.go:80.16,82.3 1 0
qdhub/internal/infrastructure/persistence/dao/data_source_dao.go:84.2,85.27 2 1
qdhub/internal/infrastructure/persistence/dao/data_source_dao.go:85.27,87.3 1 1
qdhub/internal/infrastructure/persistence/dao/data_source_dao.go:88.2,88.22 1 1
qdhub/internal/infrastructure/persistence/dao/data_source_dao.go:92.69,94.2 1 1
qdhub/internal/infrastructure/persistence/dao/data_source_dao.go:97.75,108.2 1 1
qdhub/internal/infrastructure/persistence/dao/data_source_dao.go:111.75,122.2 1 1
qdhub/internal/infrastructure/persistence/dao/data_source_dao.go:125.68,127.2 1 0
qdhub/internal/infrastructure/persistence/dao/mapping_rule_dao.go:19.69,23.2 1 1
qdhub/internal/infrastructure/persistence/dao/mapping_rule_dao.go:26.99,32.15 4 1
qdhub/internal/infrastructure/persistence/dao/mapping_rule_dao.go:32.15,34.3 1 0
qdhub/internal/infrastructure/persistence/dao/mapping_rule_dao.go:34.8,36.3 1 1
qdhub/internal/infrastructure/persistence/dao/mapping_rule_dao.go:38.2,38.16 1 1
qdhub/internal/infrastructure/persistence/dao/mapping_rule_dao.go:38.16,40.3 1 0
qdhub/internal/infrastructure/persistence/dao/mapping_rule_dao.go:41.2,41.12 1 1
qdhub/internal/infrastructure/persistence/dao/mapping_rule_dao.go:45.109,47.16 2 1
qdhub/internal/infrastructure/persistence/dao/mapping_rule_dao.go:47.16,49.3 1 0
qdhub/internal/infrastructure/persistence/dao/mapping_rule_dao.go:50.2,50.16 1 1
qdhub/internal/infrastructure/persistence/dao/mapping_rule_dao.go:50.16,52.3 1 1
qdhub/internal/infrastructure/persistence/dao/mapping_rule_dao.go:53.2,53.29 1 1
qdhub/internal/infrastructure/persistence/dao/mapping_rule_dao.go:57.99,65.15 4 1
qdhub/internal/infrastructure/persistence/dao/mapping_rule_dao.go:65.15,67.3 1 0
qdhub/internal/infrastructure/persistence/dao/mapping_rule_dao.go:67.8,69.3 1 1
qdhub/internal/infrastructure/persistence/dao/mapping_rule_dao.go:71.2,71.16 1 1
qdhub/internal/infrastructure/persistence/dao/mapping_rule_dao.go:71.16,73.3 1 0
qdhub/internal/infrastructure/persistence/dao/mapping_rule_dao.go:74.2,74.12 1 1
qdhub/internal/infrastructure/persistence/dao/mapping_rule_dao.go:78.78,80.2 1 1
qdhub/internal/infrastructure/persistence/dao/mapping_rule_dao.go:83.97,85.16 2 1
qdhub/internal/infrastructure/persistence/dao/mapping_rule_dao.go:85.16,87.3 1 0
qdhub/internal/infrastructure/persistence/dao/mapping_rule_dao.go:89.2,90.27 2 1
qdhub/internal/infrastructure/persistence/dao/mapping_rule_dao.go:90.27,92.3 1 1
qdhub/internal/infrastructure/persistence/dao/mapping_rule_dao.go:93.2,93.22 1 1
qdhub/internal/infrastructure/persistence/dao/mapping_rule_dao.go:97.147,102.15 4 1
qdhub/internal/infrastructure/persistence/dao/mapping_rule_dao.go:102.15,104.3 1 0
qdhub/internal/infrastructure/persistence/dao/mapping_rule_dao.go:104.8,106.3 1 1
qdhub/internal/infrastructure/persistence/dao/mapping_rule_dao.go:108.2,108.16 1 1
qdhub/internal/infrastructure/persistence/dao/mapping_rule_dao.go:108.16,110.3 1 0
qdhub/internal/infrastructure/persistence/dao/mapping_rule_dao.go:112.2,113.27 2 1
qdhub/internal/infrastructure/persistence/dao/mapping_rule_dao.go:113.27,115.3 1 1
qdhub/internal/infrastructure/persistence/dao/mapping_rule_dao.go:116.2,116.22 1 1
qdhub/internal/infrastructure/persistence/dao/mapping_rule_dao.go:120.103,121.21 1 1
qdhub/internal/infrastructure/persistence/dao/mapping_rule_dao.go:121.21,123.3 1 0
qdhub/internal/infrastructure/persistence/dao/mapping_rule_dao.go:125.2,130.29 2 1
qdhub/internal/infrastructure/persistence/dao/mapping_rule_dao.go:130.29,133.16 3 1
qdhub/internal/infrastructure/persistence/dao/mapping_rule_dao.go:133.16,135.4 1 0
qdhub/internal/infrastructure/persistence/dao/mapping_rule_dao.go:135.9,137.4 1 1
qdhub/internal/infrastructure/persistence/dao/mapping_rule_dao.go:138.3,138.17 1 1
qdhub/internal/infrastructure/persistence/dao/mapping_rule_dao.go:138.17,140.4 1 0
qdhub/internal/infrastructure/persistence/dao/mapping_rule_dao.go:142.2,142.12 1 1
qdhub/internal/infrastructure/persistence/dao/mapping_rule_dao.go:146.103,159.32 2 1
qdhub/internal/infrastructure/persistence/dao/mapping_rule_dao.go:159.32,161.3 1 0
qdhub/internal/infrastructure/persistence/dao/mapping_rule_dao.go:163.2,163.12 1 1
qdhub/internal/infrastructure/persistence/dao/mapping_rule_dao.go:167.103,180.28 2 1
qdhub/internal/infrastructure/persistence/dao/mapping_rule_dao.go:180.28,182.3 1 0
qdhub/internal/infrastructure/persistence/dao/mapping_rule_dao.go:184.2,184.15 1 1
qdhub/internal/infrastructure/persistence/dao/quant_data_store_dao.go:18.59,22.2 1 1
qdhub/internal/infrastructure/persistence/dao/quant_data_store_dao.go:25.89,31.15 4 1
qdhub/internal/infrastructure/persistence/dao/quant_data_store_dao.go:31.15,33.3 1 0
qdhub/internal/infrastructure/persistence/dao/quant_data_store_dao.go:33.8,35.3 1 1
qdhub/internal/infrastructure/persistence/dao/quant_data_store_dao.go:37.2,37.16 1 1
qdhub/internal/infrastructure/persistence/dao/quant_data_store_dao.go:37.16,39.3 1 0
qdhub/internal/infrastructure/persistence/dao/quant_data_store_dao.go:40.2,40.12 1 1
qdhub/internal/infrastructure/persistence/dao/quant_data_store_dao.go:44.99,46.16 2 1
qdhub/internal/infrastructure/persistence/dao/quant_data_store_dao.go:46.16,48.3 1 0
qdhub/internal/infrastructure/persistence/dao/quant_data_store_dao.go:49.2,49.16 1 1
qdhub/internal/infrastructure/persistence/dao/quant_data_store_dao.go:49.16,51.3 1 1
qdhub/internal/infrastructure/persistence/dao/quant_data_store_dao.go:52.2,52.29 1 1
qdhub/internal/infrastructure/persistence/dao/quant_data_store_dao.go:56.89,64.15 4 1
qdhub/internal/infrastructure/persistence/dao/quant_data_store_dao.go:64.15,66.3 1 0
qdhub/internal/infrastructure/persistence/dao/quant_data_store_dao.go:66.8,68.3 1 1
qdhub/internal/infrastructure/persistence/dao/quant_data_store_dao.go:70.2,70.16 1 1
qdhub/internal/infrastructure/persistence/dao/quant_data_store_dao.go:70.16,72.3 1 0
qdhub/internal/infrastructure/persistence/dao/quant_data_store_dao.go:73.2,73.12 1 1
qdhub/internal/infrastructure/persistence/dao/quant_data_store_dao.go:77.73,79.2 1 1
qdhub/internal/infrastructure/persistence/dao/quant_data_store_dao.go:82.87,84.16 2 1
qdhub/internal/infrastructure/persistence/dao/quant_data_store_dao.go:84.16,86.3 1 0
qdhub/internal/infrastructure/persistence/dao/quant_data_store_dao.go:88.2,89.27 2 1
qdhub/internal/infrastructure/persistence/dao/quant_data_store_dao.go:89.27,91.3 1 1
qdhub/internal/infrastructure/persistence/dao/quant_data_store_dao.go:92.2,92.22 1 1
qdhub/internal/infrastructure/persistence/dao/quant_data_store_dao.go:96.88,108.2 1 1
qdhub/internal/infrastructure/persistence/dao/quant_data_store_dao.go:111.88,123.2 1 1
qdhub/internal/infrastructure/persistence/dao/sync_execution_dao.go:19.57,23.2 1 1
qdhub/internal/infrastructure/persistence/dao/sync_execution_dao.go:26.82,32.15 4 1
qdhub/internal/infrastructure/persistence/dao/sync_execution_dao.go:32.15,34.3 1 0
qdhub/internal/infrastructure/persistence/dao/sync_execution_dao.go:34.8,36.3 1 1
qdhub/internal/infrastructure/persistence/dao/sync_execution_dao.go:38.2,38.16 1 1
qdhub/internal/infrastructure/persistence/dao/sync_execution_dao.go:38.16,40.3 1 0
qdhub/internal/infrastructure/persistence/dao/sync_execution_dao.go:41.2,41.12 1 1
qdhub/internal/infrastructure/persistence/dao/sync_execution_dao.go:45.92,47.16 2 1
qdhub/internal/infrastructure/persistence/dao/sync_execution_dao.go:47.16,49.3 1 0
qdhub/internal/infrastructure/persistence/dao/sync_execution_dao.go:50.2,50.16 1 1
qdhub/internal/infrastructure/persistence/dao/sync_execution_dao.go:50.16,52.3 1 1
qdhub/internal/infrastructure/persistence/dao/sync_execution_dao.go:53.2,53.29 1 1
qdhub/internal/infrastructure/persistence/dao/sync_execution_dao.go:57.82,64.15 4 1
qdhub/internal/infrastructure/persistence/dao/sync_execution_dao.go:64.15,66.3 1 0
qdhub/internal/infrastructure/persistence/dao/sync_execution_dao.go:66.8,68.3 1 1
qdhub/internal/infrastructure/persistence/dao/sync_execution_dao.go:70.2,70.16 1 1
qdhub/internal/infrastructure/persistence/dao/sync_execution_dao.go:70.16,72.3 1 0
qdhub/internal/infrastructure/persistence/dao/sync_execution_dao.go:73.2,73.12 1 1
qdhub/internal/infrastructure/persistence/dao/sync_execution_dao.go:77.72,79.2 1 1
qdhub/internal/infrastructure/persistence/dao/sync_execution_dao.go:82.106,87.15 4 1
qdhub/internal/infrastructure/persistence/dao/sync_execution_dao.go:87.15,89.3 1 0
qdhub/internal/infrastructure/persistence/dao/sync_execution_dao.go:89.8,91.3 1 1
qdhub/internal/infrastructure/persistence/dao/sync_execution_dao.go:93.2,93.16 1 1
qdhub/internal/infrastructure/persistence/dao/sync_execution_dao.go:93.16,95.3 1 0
qdhub/internal/infrastructure/persistence/dao/sync_execution_dao.go:97.2,98.27 2 1
qdhub/internal/infrastructure/persistence/dao/sync_execution_dao.go:98.27,100.3 1 1
qdhub/internal/infrastructure/persistence/dao/sync_execution_dao.go:101.2,101.22 1 1
qdhub/internal/infrastructure/persistence/dao/sync_execution_dao.go:105.84,108.15 3 1
qdhub/internal/infrastructure/persistence/dao/sync_execution_dao.go:108.15,110.3 1 0
qdhub/internal/infrastructure/persistence/dao/sync_execution_dao.go:110.8,112.3 1 1
qdhub/internal/infrastructure/persistence/dao/sync_execution_dao.go:113.2,113.16 1 1
qdhub/internal/infrastructure/persistence/dao/sync_execution_dao.go:113.16,115.3 1 0
qdhub/internal/infrastructure/persistence/dao/sync_execution_dao.go:116.2,116.12 1 1
qdhub/internal/infrastructure/persistence/dao/sync_execution_dao.go:120.80,130.30 2 1
qdhub/internal/infrastructure/persistence/dao/sync_execution_dao.go:130.30,132.3 1 1
qdhub/internal/infrastructure/persistence/dao/sync_execution_dao.go:134.2,134.32 1 1
qdhub/internal/infrastructure/persistence/dao/sync_execution_dao.go:134.32,136.3 1 0
qdhub/internal/infrastructure/persistence/dao/sync_execution_dao.go:138.2,138.12 1 1
qdhub/internal/infrastructure/persistence/dao/sync_execution_dao.go:142.80,152.26 2 1
qdhub/internal/infrastructure/persistence/dao/sync_execution_dao.go:152.26,155.3 2 1
qdhub/internal/infrastructure/persistence/dao/sync_execution_dao.go:157.2,157.28 1 1
qdhub/internal/infrastructure/persistence/dao/sync_execution_dao.go:157.28,159.3 1 0
qdhub/internal/infrastructure/persistence/dao/sync_execution_dao.go:161.2,161.15 1 1
qdhub/internal/infrastructure/persistence/dao/sync_job_dao.go:19.45,23.2 1 1
qdhub/internal/infrastructure/persistence/dao/sync_job_dao.go:26.70,33.16 3 1
qdhub/internal/infrastructure/persistence/dao/sync_job_dao.go:33.16,35.3 1 0
qdhub/internal/infrastructure/persistence/dao/sync_job_dao.go:37.2,37.15 1 1
qdhub/internal/infrastructure/persistence/dao/sync_job_dao.go:37.15,39.3 1 0
qdhub/internal/infrastructure/persistence/dao/sync_job_dao.go:39.8,41.3 1 1
qdhub/internal/infrastructure/persistence/dao/sync_job_dao.go:43.2,43.16 1 1
qdhub/internal/infrastructure/persistence/dao/sync_job_dao.go:43.16,45.3 1 0
qdhub/internal/infrastructure/persistence/dao/sync_job_dao.go:46.2,46.12 1 1
qdhub/internal/infrastructure/persistence/dao/sync_job_dao.go:50.80,52.16 2 1
qdhub/internal/infrastructure/persistence/dao/sync_job_dao.go:52.16,54.3 1 0
qdhub/internal/infrastructure/persistence/dao/sync_job_dao.go:55.2,55.16 1 1
qdhub/internal/infrastructure/persistence/dao/sync_job_dao.go:55.16,57.3 1 1
qdhub/internal/infrastructure/persistence/dao/sync_job_dao.go:58.2,58.24 1 1
qdhub/internal/infrastructure/persistence/dao/sync_job_dao.go:62.70,70.16 3 1
qdhub/internal/infrastructure/persistence/dao/sync_job_dao.go:70.16,72.3 1 0
qdhub/internal/infrastructure/persistence/dao/sync_job_dao.go:74.2,74.15 1 1
qdhub/internal/infrastructure/persistence/dao/sync_job_dao.go:74.15,76.3 1 0
qdhub/internal/infrastructure/persistence/dao/sync_job_dao.go:76.8,78.3 1 1
qdhub/internal/infrastructure/persistence/dao/sync_job_dao.go:80.2,80.16 1 1
qdhub/internal/infrastructure/persistence/dao/sync_job_dao.go:80.16,82.3 1 0
qdhub/internal/infrastructure/persistence/dao/sync_job_dao.go:83.2,83.12 1 1
qdhub/internal/infrastructure/persistence/dao/sync_job_dao.go:87.66,89.2 1 1
qdhub/internal/infrastructure/persistence/dao/sync_job_dao.go:92.68,94.16 2 1
qdhub/internal/infrastructure/persistence/dao/sync_job_dao.go:94.16,96.3 1 0
qdhub/internal/infrastructure/persistence/dao/sync_job_dao.go:98.2,99.27 2 1
qdhub/internal/infrastructure/persistence/dao/sync_job_dao.go:99.27,101.17 2 1
qdhub/internal/infrastructure/persistence/dao/sync_job_dao.go:101.17,103.4 1 0
qdhub/internal/infrastructure/persistence/dao/sync_job_dao.go:104.3,104.38 1 1
qdhub/internal/infrastructure/persistence/dao/sync_job_dao.go:106.2,106.22 1 1
qdhub/internal/infrastructure/persistence/dao/sync_job_dao.go:110.71,112.16 2 1
qdhub/internal/infrastructure/persistence/dao/sync_job_dao.go:112.16,114.3 1 0
qdhub/internal/infrastructure/persistence/dao/sync_job_dao.go:116.2,117.16 2 1
qdhub/internal/infrastructure/persistence/dao/sync_job_dao.go:117.16,119.3 1 0
qdhub/internal/infrastructure/persistence/dao/sync_job_dao.go:121.2,136.34 2 1
qdhub/internal/infrastructure/persistence/dao/sync_job_dao.go:136.34,138.3 1 1
qdhub/internal/infrastructure/persistence/dao/sync_job_dao.go:140.2,140.29 1 1
qdhub/internal/infrastructure/persistence/dao/sync_job_dao.go:140.29,142.3 1 0
qdhub/internal/infrastructure/persistence/dao/sync_job_dao.go:144.2,144.29 1 1
qdhub/internal/infrastructure/persistence/dao/sync_job_dao.go:144.29,146.3 1 0
qdhub/internal/infrastructure/persistence/dao/sync_job_dao.go:148.2,148.17 1 1
qdhub/internal/infrastructure/persistence/dao/sync_job_dao.go:152.71,166.30 2 1
qdhub/internal/infrastructure/persistence/dao/sync_job_dao.go:166.30,168.3 1 1
qdhub/internal/infrastructure/persistence/dao/sync_job_dao.go:170.2,170.25 1 1
qdhub/internal/infrastructure/persistence/dao/sync_job_dao.go:170.25,172.3 1 0
qdhub/internal/infrastructure/persistence/dao/sync_job_dao.go:174.2,174.25 1 1
qdhub/internal/infrastructure/persistence/dao/sync_job_dao.go:174.25,176.3 1 0
qdhub/internal/infrastructure/persistence/dao/sync_job_dao.go:178.2,178.22 1 1
qdhub/internal/infrastructure/persistence/dao/sync_job_dao.go:178.22,179.64 1 1
qdhub/internal/infrastructure/persistence/dao/sync_job_dao.go:179.64,181.4 1 0
qdhub/internal/infrastructure/persistence/dao/sync_job_dao.go:182.8,184.3 1 0
qdhub/internal/infrastructure/persistence/dao/sync_job_dao.go:186.2,186.26 1 1
qdhub/internal/infrastructure/persistence/dao/sync_job_dao.go:186.26,187.72 1 1
qdhub/internal/infrastructure/persistence/dao/sync_job_dao.go:187.72,189.4 1 0
qdhub/internal/infrastructure/persistence/dao/sync_job_dao.go:190.8,192.3 1 0
qdhub/internal/infrastructure/persistence/dao/sync_job_dao.go:194.2,194.20 1 1
qdhub/internal/infrastructure/persistence/dao/table_schema_dao.go:20.53,24.2 1 1
qdhub/internal/infrastructure/persistence/dao/table_schema_dao.go:27.83,32.16 3 1
qdhub/internal/infrastructure/persistence/dao/table_schema_dao.go:32.16,34.3 1 0
qdhub/internal/infrastructure/persistence/dao/table_schema_dao.go:36.2,36.15 1 1
qdhub/internal/infrastructure/persistence/dao/table_schema_dao.go:36.15,38.3 1 0
qdhub/internal/infrastructure/persistence/dao/table_schema_dao.go:38.8,40.3 1 1
qdhub/internal/infrastructure/persistence/dao/table_schema_dao.go:42.2,42.16 1 1
qdhub/internal/infrastructure/persistence/dao/table_schema_dao.go:42.16,44.3 1 0
qdhub/internal/infrastructure/persistence/dao/table_schema_dao.go:45.2,45.12 1 1
qdhub/internal/infrastructure/persistence/dao/table_schema_dao.go:49.93,51.16 2 1
qdhub/internal/infrastructure/persistence/dao/table_schema_dao.go:51.16,53.3 1 0
qdhub/internal/infrastructure/persistence/dao/table_schema_dao.go:54.2,54.16 1 1
qdhub/internal/infrastructure/persistence/dao/table_schema_dao.go:54.16,56.3 1 1
qdhub/internal/infrastructure/persistence/dao/table_schema_dao.go:57.2,57.24 1 1
qdhub/internal/infrastructure/persistence/dao/table_schema_dao.go:61.83,68.16 3 1
qdhub/internal/infrastructure/persistence/dao/table_schema_dao.go:68.16,70.3 1 0
qdhub/internal/infrastructure/persistence/dao/table_schema_dao.go:72.2,72.15 1 1
qdhub/internal/infrastructure/persistence/dao/table_schema_dao.go:72.15,74.3 1 0
qdhub/internal/infrastructure/persistence/dao/table_schema_dao.go:74.8,76.3 1 1
qdhub/internal/infrastructure/persistence/dao/table_schema_dao.go:78.2,78.16 1 1
qdhub/internal/infrastructure/persistence/dao/table_schema_dao.go:78.16,80.3 1 0
qdhub/internal/infrastructure/persistence/dao/table_schema_dao.go:81.2,81.12 1 1
qdhub/internal/infrastructure/persistence/dao/table_schema_dao.go:85.70,87.2 1 1
qdhub/internal/infrastructure/persistence/dao/table_schema_dao.go:90.111,95.15 4 1
qdhub/internal/infrastructure/persistence/dao/table_schema_dao.go:95.15,97.3 1 0
qdhub/internal/infrastructure/persistence/dao/table_schema_dao.go:97.8,99.3 1 1
qdhub/internal/infrastructure/persistence/dao/table_schema_dao.go:101.2,101.16 1 1
qdhub/internal/infrastructure/persistence/dao/table_schema_dao.go:101.16,103.3 1 0
qdhub/internal/infrastructure/persistence/dao/table_schema_dao.go:105.2,106.27 2 1
qdhub/internal/infrastructure/persistence/dao/table_schema_dao.go:106.27,108.17 2 1
qdhub/internal/infrastructure/persistence/dao/table_schema_dao.go:108.17,110.4 1 0
qdhub/internal/infrastructure/persistence/dao/table_schema_dao.go:111.3,111.38 1 1
qdhub/internal/infrastructure/persistence/dao/table_schema_dao.go:113.2,113.22 1 1
qdhub/internal/infrastructure/persistence/dao/table_schema_dao.go:117.113,122.15 4 1
qdhub/internal/infrastructure/persistence/dao/table_schema_dao.go:122.15,124.3 1 0
qdhub/internal/infrastructure/persistence/dao/table_schema_dao.go:124.8,126.3 1 1
qdhub/internal/infrastructure/persistence/dao/table_schema_dao.go:128.2,128.26 1 1
qdhub/internal/infrastructure/persistence/dao/table_schema_dao.go:128.26,130.3 1 0
qdhub/internal/infrastructure/persistence/dao/table_schema_dao.go:131.2,131.16 1 1
qdhub/internal/infrastructure/persistence/dao/table_schema_dao.go:131.16,133.3 1 0
qdhub/internal/infrastructure/persistence/dao/table_schema_dao.go:135.2,135.25 1 1
qdhub/internal/infrastructure/persistence/dao/table_schema_dao.go:139.86,142.15 3 1
qdhub/internal/infrastructure/persistence/dao/table_schema_dao.go:142.15,144.3 1 0
qdhub/internal/infrastructure/persistence/dao/table_schema_dao.go:144.8,146.3 1 1
qdhub/internal/infrastructure/persistence/dao/table_schema_dao.go:147.2,147.16 1 1
qdhub/internal/infrastructure/persistence/dao/table_schema_dao.go:147.16,149.3 1 0
qdhub/internal/infrastructure/persistence/dao/table_schema_dao.go:150.2,150.12 1 1
qdhub/internal/infrastructure/persistence/dao/table_schema_dao.go:154.88,156.16 2 1
qdhub/internal/infrastructure/persistence/dao/table_schema_dao.go:156.16,158.3 1 0
qdhub/internal/infrastructure/persistence/dao/table_schema_dao.go:160.2,161.16 2 1
qdhub/internal/infrastructure/persistence/dao/table_schema_dao.go:161.16,163.3 1 0
qdhub/internal/infrastructure/persistence/dao/table_schema_dao.go:165.2,166.16 2 1
qdhub/internal/infrastructure/persistence/dao/table_schema_dao.go:166.16,168.3 1 0
qdhub/internal/infrastructure/persistence/dao/table_schema_dao.go:170.2,183.32 2 1
qdhub/internal/infrastructure/persistence/dao/table_schema_dao.go:183.32,185.3 1 0
qdhub/internal/infrastructure/persistence/dao/table_schema_dao.go:187.2,187.17 1 1
qdhub/internal/infrastructure/persistence/dao/table_schema_dao.go:191.88,202.28 2 1
qdhub/internal/infrastructure/persistence/dao/table_schema_dao.go:202.28,204.3 1 0
qdhub/internal/infrastructure/persistence/dao/table_schema_dao.go:206.2,206.23 1 1
qdhub/internal/infrastructure/persistence/dao/table_schema_dao.go:206.23,207.66 1 1
qdhub/internal/infrastructure/persistence/dao/table_schema_dao.go:207.66,209.4 1 0
qdhub/internal/infrastructure/persistence/dao/table_schema_dao.go:212.2,212.27 1 1
qdhub/internal/infrastructure/persistence/dao/table_schema_dao.go:212.27,213.86 1 1
qdhub/internal/infrastructure/persistence/dao/table_schema_dao.go:213.86,215.4 1 0
qdhub/internal/infrastructure/persistence/dao/table_schema_dao.go:218.2,218.23 1 1
qdhub/internal/infrastructure/persistence/dao/table_schema_dao.go:218.23,219.66 1 1
qdhub/internal/infrastructure/persistence/dao/table_schema_dao.go:219.66,221.4 1 0
qdhub/internal/infrastructure/persistence/dao/table_schema_dao.go:224.2,224.20 1 1
qdhub/internal/infrastructure/persistence/dao/task_inst_dao.go:19.55,23.2 1 1
qdhub/internal/infrastructure/persistence/dao/task_inst_dao.go:26.89,32.15 4 1
qdhub/internal/infrastructure/persistence/dao/task_inst_dao.go:32.15,34.3 1 0
qdhub/internal/infrastructure/persistence/dao/task_inst_dao.go:34.8,36.3 1 1
qdhub/internal/infrastructure/persistence/dao/task_inst_dao.go:38.2,38.16 1 1
qdhub/internal/infrastructure/persistence/dao/task_inst_dao.go:38.16,40.3 1 0
qdhub/internal/infrastructure/persistence/dao/task_inst_dao.go:41.2,41.12 1 1
qdhub/internal/infrastructure/persistence/dao/task_inst_dao.go:45.99,47.16 2 1
qdhub/internal/infrastructure/persistence/dao/task_inst_dao.go:47.16,49.3 1 0
qdhub/internal/infrastructure/persistence/dao/task_inst_dao.go:50.2,50.16 1 1
qdhub/internal/infrastructure/persistence/dao/task_inst_dao.go:50.16,52.3 1 1
qdhub/internal/infrastructure/persistence/dao/task_inst_dao.go:53.2,53.29 1 1
qdhub/internal/infrastructure/persistence/dao/task_inst_dao.go:57.89,65.15 4 1
qdhub/internal/infrastructure/persistence/dao/task_inst_dao.go:65.15,67.3 1 0
qdhub/internal/infrastructure/persistence/dao/task_inst_dao.go:67.8,69.3 1 1
qdhub/internal/infrastructure/persistence/dao/task_inst_dao.go:71.2,71.16 1 1
qdhub/internal/infrastructure/persistence/dao/task_inst_dao.go:71.16,73.3 1 0
qdhub/internal/infrastructure/persistence/dao/task_inst_dao.go:74.2,74.12 1 1
qdhub/internal/infrastructure/persistence/dao/task_inst_dao.go:78.71,80.2 1 1
qdhub/internal/infrastructure/persistence/dao/task_inst_dao.go:83.127,88.15 4 1
qdhub/internal/infrastructure/persistence/dao/task_inst_dao.go:88.15,90.3 1 0
qdhub/internal/infrastructure/persistence/dao/task_inst_dao.go:90.8,92.3 1 1
qdhub/internal/infrastructure/persistence/dao/task_inst_dao.go:94.2,94.16 1 1
qdhub/internal/infrastructure/persistence/dao/task_inst_dao.go:94.16,96.3 1 0
qdhub/internal/infrastructure/persistence/dao/task_inst_dao.go:98.2,99.27 2 1
qdhub/internal/infrastructure/persistence/dao/task_inst_dao.go:99.27,101.3 1 1
qdhub/internal/infrastructure/persistence/dao/task_inst_dao.go:102.2,102.22 1 1
qdhub/internal/infrastructure/persistence/dao/task_inst_dao.go:106.97,109.15 3 1
qdhub/internal/infrastructure/persistence/dao/task_inst_dao.go:109.15,111.3 1 0
qdhub/internal/infrastructure/persistence/dao/task_inst_dao.go:111.8,113.3 1 1
qdhub/internal/infrastructure/persistence/dao/task_inst_dao.go:114.2,114.16 1 1
qdhub/internal/infrastructure/persistence/dao/task_inst_dao.go:114.16,116.3 1 0
qdhub/internal/infrastructure/persistence/dao/task_inst_dao.go:117.2,117.12 1 1
qdhub/internal/infrastructure/persistence/dao/task_inst_dao.go:122.86,131.29 2 1
qdhub/internal/infrastructure/persistence/dao/task_inst_dao.go:131.29,133.3 1 0
qdhub/internal/infrastructure/persistence/dao/task_inst_dao.go:135.2,135.27 1 1
qdhub/internal/infrastructure/persistence/dao/task_inst_dao.go:135.27,137.3 1 0
qdhub/internal/infrastructure/persistence/dao/task_inst_dao.go:139.2,139.31 1 1
qdhub/internal/infrastructure/persistence/dao/task_inst_dao.go:139.31,141.3 1 0
qdhub/internal/infrastructure/persistence/dao/task_inst_dao.go:143.2,143.12 1 1
qdhub/internal/infrastructure/persistence/dao/task_inst_dao.go:148.86,157.25 2 1
qdhub/internal/infrastructure/persistence/dao/task_inst_dao.go:157.25,159.3 1 0
qdhub/internal/infrastructure/persistence/dao/task_inst_dao.go:161.2,161.26 1 1
qdhub/internal/infrastructure/persistence/dao/task_inst_dao.go:161.26,163.3 1 0
qdhub/internal/infrastructure/persistence/dao/task_inst_dao.go:165.2,165.28 1 1
qdhub/internal/infrastructure/persistence/dao/task_inst_dao.go:165.28,167.3 1 0
qdhub/internal/infrastructure/persistence/dao/task_inst_dao.go:169.2,169.15 1 1
qdhub/internal/infrastructure/persistence/dao/token_dao.go:19.41,23.2 1 1
qdhub/internal/infrastructure/persistence/dao/token_dao.go:26.70,32.15 4 1
qdhub/internal/infrastructure/persistence/dao/token_dao.go:32.15,34.3 1 0
qdhub/internal/infrastructure/persistence/dao/token_dao.go:34.8,36.3 1 1
qdhub/internal/infrastructure/persistence/dao/token_dao.go:38.2,38.16 1 1
qdhub/internal/infrastructure/persistence/dao/token_dao.go:38.16,40.3 1 0
qdhub/internal/infrastructure/persistence/dao/token_dao.go:41.2,41.12 1 1
qdhub/internal/infrastructure/persistence/dao/token_dao.go:45.80,47.16 2 1
qdhub/internal/infrastructure/persistence/dao/token_dao.go:47.16,49.3 1 0
qdhub/internal/infrastructure/persistence/dao/token_dao.go:50.2,50.16 1 1
qdhub/internal/infrastructure/persistence/dao/token_dao.go:50.16,52.3 1 1
qdhub/internal/infrastructure/persistence/dao/token_dao.go:53.2,53.29 1 1
qdhub/internal/infrastructure/persistence/dao/token_dao.go:57.98,62.15 4 1
qdhub/internal/infrastructure/persistence/dao/token_dao.go:62.15,64.3 1 0
qdhub/internal/infrastructure/persistence/dao/token_dao.go:64.8,66.3 1 1
qdhub/internal/infrastructure/persistence/dao/token_dao.go:68.2,68.26 1 1
qdhub/internal/infrastructure/persistence/dao/token_dao.go:68.26,70.3 1 1
qdhub/internal/infrastructure/persistence/dao/token_dao.go:71.2,71.16 1 1
qdhub/internal/infrastructure/persistence/dao/token_dao.go:71.16,73.3 1 0
qdhub/internal/infrastructure/persistence/dao/token_dao.go:75.2,75.30 1 1
qdhub/internal/infrastructure/persistence/dao/token_dao.go:79.70,86.15 4 1
qdhub/internal/infrastructure/persistence/dao/token_dao.go:86.15,88.3 1 0
qdhub/internal/infrastructure/persistence/dao/token_dao.go:88.8,90.3 1 1
qdhub/internal/infrastructure/persistence/dao/token_dao.go:92.2,92.16 1 1
qdhub/internal/infrastructure/persistence/dao/token_dao.go:92.16,94.3 1 0
qdhub/internal/infrastructure/persistence/dao/token_dao.go:95.2,95.12 1 1
qdhub/internal/infrastructure/persistence/dao/token_dao.go:99.64,101.2 1 1
qdhub/internal/infrastructure/persistence/dao/token_dao.go:104.82,107.15 3 1
qdhub/internal/infrastructure/persistence/dao/token_dao.go:107.15,109.3 1 0
qdhub/internal/infrastructure/persistence/dao/token_dao.go:109.8,111.3 1 1
qdhub/internal/infrastructure/persistence/dao/token_dao.go:112.2,112.16 1 1
qdhub/internal/infrastructure/persistence/dao/token_dao.go:112.16,114.3 1 0
qdhub/internal/infrastructure/persistence/dao/token_dao.go:115.2,115.12 1 1
qdhub/internal/infrastructure/persistence/dao/token_dao.go:119.60,127.29 2 1
qdhub/internal/infrastructure/persistence/dao/token_dao.go:127.29,129.3 1 0
qdhub/internal/infrastructure/persistence/dao/token_dao.go:131.2,131.12 1 1
qdhub/internal/infrastructure/persistence/dao/token_dao.go:135.60,143.25 2 1
qdhub/internal/infrastructure/persistence/dao/token_dao.go:143.25,145.3 1 0
qdhub/internal/infrastructure/persistence/dao/token_dao.go:147.2,147.15 1 1
qdhub/internal/infrastructure/persistence/dao/workflow_def_dao.go:19.67,23.2 1 1
qdhub/internal/infrastructure/persistence/dao/workflow_def_dao.go:26.101,32.15 4 1
qdhub/internal/infrastructure/persistence/dao/workflow_def_dao.go:32.15,34.3 1 0
qdhub/internal/infrastructure/persistence/dao/workflow_def_dao.go:34.8,36.3 1 1
qdhub/internal/infrastructure/persistence/dao/workflow_def_dao.go:38.2,38.16 1 1
qdhub/internal/infrastructure/persistence/dao/workflow_def_dao.go:38.16,40.3 1 0
qdhub/internal/infrastructure/persistence/dao/workflow_def_dao.go:41.2,41.12 1 1
qdhub/internal/infrastructure/persistence/dao/workflow_def_dao.go:45.111,47.16 2 1
qdhub/internal/infrastructure/persistence/dao/workflow_def_dao.go:47.16,49.3 1 0
qdhub/internal/infrastructure/persistence/dao/workflow_def_dao.go:50.2,50.16 1 1
qdhub/internal/infrastructure/persistence/dao/workflow_def_dao.go:50.16,52.3 1 1
qdhub/internal/infrastructure/persistence/dao/workflow_def_dao.go:53.2,53.29 1 1
qdhub/internal/infrastructure/persistence/dao/workflow_def_dao.go:57.101,65.15 4 1
qdhub/internal/infrastructure/persistence/dao/workflow_def_dao.go:65.15,67.3 1 0
qdhub/internal/infrastructure/persistence/dao/workflow_def_dao.go:67.8,69.3 1 1
qdhub/internal/infrastructure/persistence/dao/workflow_def_dao.go:71.2,71.16 1 1
qdhub/internal/infrastructure/persistence/dao/workflow_def_dao.go:71.16,73.3 1 0
qdhub/internal/infrastructure/persistence/dao/workflow_def_dao.go:74.2,74.12 1 1
qdhub/internal/infrastructure/persistence/dao/workflow_def_dao.go:78.77,80.2 1 1
qdhub/internal/infrastructure/persistence/dao/workflow_def_dao.go:83.99,85.16 2 1
qdhub/internal/infrastructure/persistence/dao/workflow_def_dao.go:85.16,87.3 1 0
qdhub/internal/infrastructure/persistence/dao/workflow_def_dao.go:89.2,90.27 2 1
qdhub/internal/infrastructure/persistence/dao/workflow_def_dao.go:90.27,92.3 1 1
qdhub/internal/infrastructure/persistence/dao/workflow_def_dao.go:93.2,93.22 1 1
qdhub/internal/infrastructure/persistence/dao/workflow_def_dao.go:98.104,99.45 1 1
qdhub/internal/infrastructure/persistence/dao/workflow_def_dao.go:99.45,101.3 1 0
qdhub/internal/infrastructure/persistence/dao/workflow_def_dao.go:103.2,114.3 1 1
qdhub/internal/infrastructure/persistence/dao/workflow_def_dao.go:119.104,123.29 3 1
qdhub/internal/infrastructure/persistence/dao/workflow_def_dao.go:123.29,125.3 1 1
qdhub/internal/infrastructure/persistence/dao/workflow_def_dao.go:125.8,127.3 1 0
qdhub/internal/infrastructure/persistence/dao/workflow_def_dao.go:130.2,137.3 1 1
qdhub/internal/infrastructure/persistence/dao/workflow_inst_dao.go:19.63,23.2 1 1
qdhub/internal/infrastructure/persistence/dao/workflow_inst_dao.go:26.97,31.16 3 1
qdhub/internal/infrastructure/persistence/dao/workflow_inst_dao.go:31.16,33.3 1 0
qdhub/internal/infrastructure/persistence/dao/workflow_inst_dao.go:35.2,35.15 1 1
qdhub/internal/infrastructure/persistence/dao/workflow_inst_dao.go:35.15,37.3 1 0
qdhub/internal/infrastructure/persistence/dao/workflow_inst_dao.go:37.8,39.3 1 1
qdhub/internal/infrastructure/persistence/dao/workflow_inst_dao.go:41.2,41.16 1 1
qdhub/internal/infrastructure/persistence/dao/workflow_inst_dao.go:41.16,43.3 1 0
qdhub/internal/infrastructure/persistence/dao/workflow_inst_dao.go:44.2,44.12 1 1
qdhub/internal/infrastructure/persistence/dao/workflow_inst_dao.go:48.107,50.16 2 1
qdhub/internal/infrastructure/persistence/dao/workflow_inst_dao.go:50.16,52.3 1 0
qdhub/internal/infrastructure/persistence/dao/workflow_inst_dao.go:53.2,53.16 1 1
qdhub/internal/infrastructure/persistence/dao/workflow_inst_dao.go:53.16,55.3 1 1
qdhub/internal/infrastructure/persistence/dao/workflow_inst_dao.go:56.2,56.24 1 1
qdhub/internal/infrastructure/persistence/dao/workflow_inst_dao.go:60.97,66.16 3 1
qdhub/internal/infrastructure/persistence/dao/workflow_inst_dao.go:66.16,68.3 1 0
qdhub/internal/infrastructure/persistence/dao/workflow_inst_dao.go:70.2,70.15 1 1
qdhub/internal/infrastructure/persistence/dao/workflow_inst_dao.go:70.15,72.3 1 0
qdhub/internal/infrastructure/persistence/dao/workflow_inst_dao.go:72.8,74.3 1 1
qdhub/internal/infrastructure/persistence/dao/workflow_inst_dao.go:76.2,76.16 1 1
qdhub/internal/infrastructure/persistence/dao/workflow_inst_dao.go:76.16,78.3 1 0
qdhub/internal/infrastructure/persistence/dao/workflow_inst_dao.go:79.2,79.12 1 1
qdhub/internal/infrastructure/persistence/dao/workflow_inst_dao.go:83.75,85.2 1 1
qdhub/internal/infrastructure/persistence/dao/workflow_inst_dao.go:88.129,93.15 4 1
qdhub/internal/infrastructure/persistence/dao/workflow_inst_dao.go:93.15,95.3 1 0
qdhub/internal/infrastructure/persistence/dao/workflow_inst_dao.go:95.8,97.3 1 1
qdhub/internal/infrastructure/persistence/dao/workflow_inst_dao.go:99.2,99.16 1 1
qdhub/internal/infrastructure/persistence/dao/workflow_inst_dao.go:99.16,101.3 1 0
qdhub/internal/infrastructure/persistence/dao/workflow_inst_dao.go:103.2,104.27 2 1
qdhub/internal/infrastructure/persistence/dao/workflow_inst_dao.go:104.27,106.17 2 1
qdhub/internal/infrastructure/persistence/dao/workflow_inst_dao.go:106.17,108.4 1 0
qdhub/internal/infrastructure/persistence/dao/workflow_inst_dao.go:109.3,109.38 1 1
qdhub/internal/infrastructure/persistence/dao/workflow_inst_dao.go:111.2,111.22 1 1
qdhub/internal/infrastructure/persistence/dao/workflow_inst_dao.go:115.95,118.15 3 0
qdhub/internal/infrastructure/persistence/dao/workflow_inst_dao.go:118.15,120.3 1 0
qdhub/internal/infrastructure/persistence/dao/workflow_inst_dao.go:120.8,122.3 1 0
qdhub/internal/infrastructure/persistence/dao/workflow_inst_dao.go:123.2,123.16 1 0
qdhub/internal/infrastructure/persistence/dao/workflow_inst_dao.go:123.16,125.3 1 0
qdhub/internal/infrastructure/persistence/dao/workflow_inst_dao.go:126.2,126.12 1 0
qdhub/internal/infrastructure/persistence/dao/workflow_inst_dao.go:131.107,132.19 1 1
qdhub/internal/infrastructure/persistence/dao/workflow_inst_dao.go:132.19,134.3 1 0
qdhub/internal/infrastructure/persistence/dao/workflow_inst_dao.go:138.2,149.27 2 1
qdhub/internal/infrastructure/persistence/dao/workflow_inst_dao.go:149.27,151.3 1 0
qdhub/internal/infrastructure/persistence/dao/workflow_inst_dao.go:153.2,153.31 1 1
qdhub/internal/infrastructure/persistence/dao/workflow_inst_dao.go:153.31,155.3 1 0
qdhub/internal/infrastructure/persistence/dao/workflow_inst_dao.go:157.2,157.17 1 1
qdhub/internal/infrastructure/persistence/dao/workflow_inst_dao.go:162.107,170.26 2 1
qdhub/internal/infrastructure/persistence/dao/workflow_inst_dao.go:170.26,172.3 1 0
qdhub/internal/infrastructure/persistence/dao/workflow_inst_dao.go:174.2,174.28 1 1
qdhub/internal/infrastructure/persistence/dao/workflow_inst_dao.go:174.28,176.3 1 0
qdhub/internal/infrastructure/persistence/dao/workflow_inst_dao.go:178.2,178.20 1 1
