mode: set
qdhub/internal/infrastructure/persistence/repository/data_source_repo.go:25.76,33.2 1 1
qdhub/internal/infrastructure/persistence/repository/data_source_repo.go:36.74,37.47 1 1
qdhub/internal/infrastructure/persistence/repository/data_source_repo.go:37.47,39.56 1 1
qdhub/internal/infrastructure/persistence/repository/data_source_repo.go:39.56,41.4 1 0
qdhub/internal/infrastructure/persistence/repository/data_source_repo.go:44.3,44.37 1 1
qdhub/internal/infrastructure/persistence/repository/data_source_repo.go:44.37,45.57 1 1
qdhub/internal/infrastructure/persistence/repository/data_source_repo.go:45.57,47.5 1 0
qdhub/internal/infrastructure/persistence/repository/data_source_repo.go:51.3,51.31 1 1
qdhub/internal/infrastructure/persistence/repository/data_source_repo.go:51.31,52.60 1 1
qdhub/internal/infrastructure/persistence/repository/data_source_repo.go:52.60,54.5 1 0
qdhub/internal/infrastructure/persistence/repository/data_source_repo.go:58.3,58.22 1 1
qdhub/internal/infrastructure/persistence/repository/data_source_repo.go:58.22,59.58 1 1
qdhub/internal/infrastructure/persistence/repository/data_source_repo.go:59.58,61.5 1 0
qdhub/internal/infrastructure/persistence/repository/data_source_repo.go:64.3,64.13 1 1
qdhub/internal/infrastructure/persistence/repository/data_source_repo.go:69.84,71.16 2 1
qdhub/internal/infrastructure/persistence/repository/data_source_repo.go:71.16,73.3 1 0
qdhub/internal/infrastructure/persistence/repository/data_source_repo.go:74.2,74.15 1 1
qdhub/internal/infrastructure/persistence/repository/data_source_repo.go:74.15,76.3 1 1
qdhub/internal/infrastructure/persistence/repository/data_source_repo.go:79.2,80.16 2 1
qdhub/internal/infrastructure/persistence/repository/data_source_repo.go:80.16,82.3 1 0
qdhub/internal/infrastructure/persistence/repository/data_source_repo.go:83.2,84.33 2 1
qdhub/internal/infrastructure/persistence/repository/data_source_repo.go:84.33,86.3 1 1
qdhub/internal/infrastructure/persistence/repository/data_source_repo.go:89.2,90.16 2 1
qdhub/internal/infrastructure/persistence/repository/data_source_repo.go:90.16,92.3 1 0
qdhub/internal/infrastructure/persistence/repository/data_source_repo.go:93.2,94.27 2 1
qdhub/internal/infrastructure/persistence/repository/data_source_repo.go:94.27,96.3 1 1
qdhub/internal/infrastructure/persistence/repository/data_source_repo.go:99.2,100.16 2 1
qdhub/internal/infrastructure/persistence/repository/data_source_repo.go:100.16,102.3 1 0
qdhub/internal/infrastructure/persistence/repository/data_source_repo.go:104.2,104.16 1 1
qdhub/internal/infrastructure/persistence/repository/data_source_repo.go:108.74,109.47 1 1
qdhub/internal/infrastructure/persistence/repository/data_source_repo.go:109.47,111.56 1 1
qdhub/internal/infrastructure/persistence/repository/data_source_repo.go:111.56,113.4 1 0
qdhub/internal/infrastructure/persistence/repository/data_source_repo.go:114.3,114.13 1 1
qdhub/internal/infrastructure/persistence/repository/data_source_repo.go:119.63,120.47 1 1
qdhub/internal/infrastructure/persistence/repository/data_source_repo.go:120.47,122.63 1 1
qdhub/internal/infrastructure/persistence/repository/data_source_repo.go:122.63,124.4 1 0
qdhub/internal/infrastructure/persistence/repository/data_source_repo.go:127.3,127.69 1 1
qdhub/internal/infrastructure/persistence/repository/data_source_repo.go:127.69,129.4 1 0
qdhub/internal/infrastructure/persistence/repository/data_source_repo.go:132.3,132.66 1 1
qdhub/internal/infrastructure/persistence/repository/data_source_repo.go:132.66,134.4 1 0
qdhub/internal/infrastructure/persistence/repository/data_source_repo.go:137.3,137.60 1 1
qdhub/internal/infrastructure/persistence/repository/data_source_repo.go:137.60,139.4 1 0
qdhub/internal/infrastructure/persistence/repository/data_source_repo.go:141.3,141.13 1 1
qdhub/internal/infrastructure/persistence/repository/data_source_repo.go:146.75,148.2 1 1
qdhub/internal/infrastructure/persistence/repository/data_source_repo.go:157.78,162.2 1 0
qdhub/internal/infrastructure/persistence/repository/data_source_repo.go:165.77,167.2 1 0
qdhub/internal/infrastructure/persistence/repository/data_source_repo.go:170.86,172.2 1 0
qdhub/internal/infrastructure/persistence/repository/data_source_repo.go:175.77,177.2 1 0
qdhub/internal/infrastructure/persistence/repository/data_source_repo.go:180.64,182.2 1 0
qdhub/internal/infrastructure/persistence/repository/data_source_repo.go:185.111,187.2 1 0
qdhub/internal/infrastructure/persistence/repository/data_source_repo.go:196.78,201.2 1 0
qdhub/internal/infrastructure/persistence/repository/data_source_repo.go:204.78,206.2 1 0
qdhub/internal/infrastructure/persistence/repository/data_source_repo.go:209.86,211.2 1 0
qdhub/internal/infrastructure/persistence/repository/data_source_repo.go:214.78,216.2 1 0
qdhub/internal/infrastructure/persistence/repository/data_source_repo.go:219.64,221.2 1 0
qdhub/internal/infrastructure/persistence/repository/data_source_repo.go:224.111,226.2 1 0
qdhub/internal/infrastructure/persistence/repository/data_source_repo.go:229.107,231.2 1 0
qdhub/internal/infrastructure/persistence/repository/data_source_repo.go:240.66,245.2 1 0
qdhub/internal/infrastructure/persistence/repository/data_source_repo.go:248.67,250.2 1 0
qdhub/internal/infrastructure/persistence/repository/data_source_repo.go:253.74,255.2 1 0
qdhub/internal/infrastructure/persistence/repository/data_source_repo.go:258.96,260.2 1 0
qdhub/internal/infrastructure/persistence/repository/data_source_repo.go:263.67,265.2 1 0
qdhub/internal/infrastructure/persistence/repository/data_source_repo.go:268.58,270.2 1 0
qdhub/internal/infrastructure/persistence/repository/quant_data_store_repo.go:22.84,28.2 1 1
qdhub/internal/infrastructure/persistence/repository/quant_data_store_repo.go:31.83,32.47 1 1
qdhub/internal/infrastructure/persistence/repository/quant_data_store_repo.go:32.47,34.55 1 1
qdhub/internal/infrastructure/persistence/repository/quant_data_store_repo.go:34.55,36.4 1 0
qdhub/internal/infrastructure/persistence/repository/quant_data_store_repo.go:39.3,39.37 1 1
qdhub/internal/infrastructure/persistence/repository/quant_data_store_repo.go:39.37,40.63 1 1
qdhub/internal/infrastructure/persistence/repository/quant_data_store_repo.go:40.63,42.5 1 0
qdhub/internal/infrastructure/persistence/repository/quant_data_store_repo.go:45.3,45.13 1 1
qdhub/internal/infrastructure/persistence/repository/quant_data_store_repo.go:50.93,52.16 2 1
qdhub/internal/infrastructure/persistence/repository/quant_data_store_repo.go:52.16,54.3 1 0
qdhub/internal/infrastructure/persistence/repository/quant_data_store_repo.go:55.2,55.15 1 1
qdhub/internal/infrastructure/persistence/repository/quant_data_store_repo.go:55.15,57.3 1 1
qdhub/internal/infrastructure/persistence/repository/quant_data_store_repo.go:60.2,61.16 2 1
qdhub/internal/infrastructure/persistence/repository/quant_data_store_repo.go:61.16,63.3 1 0
qdhub/internal/infrastructure/persistence/repository/quant_data_store_repo.go:64.2,65.33 2 1
qdhub/internal/infrastructure/persistence/repository/quant_data_store_repo.go:65.33,67.3 1 1
qdhub/internal/infrastructure/persistence/repository/quant_data_store_repo.go:69.2,69.16 1 1
qdhub/internal/infrastructure/persistence/repository/quant_data_store_repo.go:73.83,75.2 1 1
qdhub/internal/infrastructure/persistence/repository/quant_data_store_repo.go:78.67,79.47 1 1
qdhub/internal/infrastructure/persistence/repository/quant_data_store_repo.go:79.47,81.68 1 1
qdhub/internal/infrastructure/persistence/repository/quant_data_store_repo.go:81.68,83.4 1 0
qdhub/internal/infrastructure/persistence/repository/quant_data_store_repo.go:86.3,86.59 1 1
qdhub/internal/infrastructure/persistence/repository/quant_data_store_repo.go:86.59,88.4 1 0
qdhub/internal/infrastructure/persistence/repository/quant_data_store_repo.go:90.3,90.13 1 1
qdhub/internal/infrastructure/persistence/repository/quant_data_store_repo.go:95.84,97.2 1 1
qdhub/internal/infrastructure/persistence/repository/quant_data_store_repo.go:106.78,111.2 1 1
qdhub/internal/infrastructure/persistence/repository/quant_data_store_repo.go:114.81,116.2 1 1
qdhub/internal/infrastructure/persistence/repository/quant_data_store_repo.go:119.87,121.2 1 1
qdhub/internal/infrastructure/persistence/repository/quant_data_store_repo.go:124.109,126.2 1 1
qdhub/internal/infrastructure/persistence/repository/quant_data_store_repo.go:129.111,131.2 1 0
qdhub/internal/infrastructure/persistence/repository/quant_data_store_repo.go:134.81,136.2 1 1
qdhub/internal/infrastructure/persistence/repository/quant_data_store_repo.go:139.64,141.2 1 1
qdhub/internal/infrastructure/persistence/repository/quant_data_store_repo.go:150.94,155.2 1 1
qdhub/internal/infrastructure/persistence/repository/quant_data_store_repo.go:158.95,160.2 1 1
qdhub/internal/infrastructure/persistence/repository/quant_data_store_repo.go:163.103,165.2 1 1
qdhub/internal/infrastructure/persistence/repository/quant_data_store_repo.go:168.145,170.2 1 1
qdhub/internal/infrastructure/persistence/repository/quant_data_store_repo.go:173.101,174.47 1 1
qdhub/internal/infrastructure/persistence/repository/quant_data_store_repo.go:174.47,176.3 1 1
qdhub/internal/infrastructure/persistence/repository/quant_data_store_repo.go:180.70,191.2 2 1
qdhub/internal/infrastructure/persistence/repository/quant_data_store_repo.go:194.94,196.2 1 1
qdhub/internal/infrastructure/persistence/repository/quant_data_store_repo.go:199.95,201.2 1 1
qdhub/internal/infrastructure/persistence/repository/quant_data_store_repo.go:204.72,206.2 1 1
qdhub/internal/infrastructure/persistence/repository/sync_repo.go:22.70,28.2 1 1
qdhub/internal/infrastructure/persistence/repository/sync_repo.go:31.65,32.47 1 1
qdhub/internal/infrastructure/persistence/repository/sync_repo.go:32.47,34.54 1 1
qdhub/internal/infrastructure/persistence/repository/sync_repo.go:34.54,36.4 1 0
qdhub/internal/infrastructure/persistence/repository/sync_repo.go:39.3,39.39 1 1
qdhub/internal/infrastructure/persistence/repository/sync_repo.go:39.39,40.63 1 1
qdhub/internal/infrastructure/persistence/repository/sync_repo.go:40.63,42.5 1 0
qdhub/internal/infrastructure/persistence/repository/sync_repo.go:45.3,45.13 1 1
qdhub/internal/infrastructure/persistence/repository/sync_repo.go:50.74,52.16 2 1
qdhub/internal/infrastructure/persistence/repository/sync_repo.go:52.16,54.3 1 0
qdhub/internal/infrastructure/persistence/repository/sync_repo.go:55.2,55.16 1 1
qdhub/internal/infrastructure/persistence/repository/sync_repo.go:55.16,57.3 1 1
qdhub/internal/infrastructure/persistence/repository/sync_repo.go:60.2,61.16 2 1
qdhub/internal/infrastructure/persistence/repository/sync_repo.go:61.16,63.3 1 0
qdhub/internal/infrastructure/persistence/repository/sync_repo.go:64.2,65.34 2 1
qdhub/internal/infrastructure/persistence/repository/sync_repo.go:65.34,67.3 1 1
qdhub/internal/infrastructure/persistence/repository/sync_repo.go:69.2,69.17 1 1
qdhub/internal/infrastructure/persistence/repository/sync_repo.go:73.65,75.2 1 1
qdhub/internal/infrastructure/persistence/repository/sync_repo.go:78.60,79.47 1 1
qdhub/internal/infrastructure/persistence/repository/sync_repo.go:79.47,81.68 1 1
qdhub/internal/infrastructure/persistence/repository/sync_repo.go:81.68,83.4 1 0
qdhub/internal/infrastructure/persistence/repository/sync_repo.go:86.3,86.57 1 1
qdhub/internal/infrastructure/persistence/repository/sync_repo.go:86.57,88.4 1 0
qdhub/internal/infrastructure/persistence/repository/sync_repo.go:90.3,90.13 1 1
qdhub/internal/infrastructure/persistence/repository/sync_repo.go:95.65,97.2 1 1
qdhub/internal/infrastructure/persistence/repository/sync_repo.go:106.82,111.2 1 1
qdhub/internal/infrastructure/persistence/repository/sync_repo.go:114.78,116.2 1 1
qdhub/internal/infrastructure/persistence/repository/sync_repo.go:119.86,121.2 1 1
qdhub/internal/infrastructure/persistence/repository/sync_repo.go:124.104,126.2 1 1
qdhub/internal/infrastructure/persistence/repository/sync_repo.go:129.78,131.2 1 1
qdhub/internal/infrastructure/persistence/repository/sync_repo.go:134.66,136.2 1 1
qdhub/internal/infrastructure/persistence/repository/workflow_repo.go:17.101,21.16 3 1
qdhub/internal/infrastructure/persistence/repository/workflow_repo.go:21.16,23.3 1 0
qdhub/internal/infrastructure/persistence/repository/workflow_repo.go:25.2,27.8 1 1
qdhub/internal/infrastructure/persistence/repository/workflow_repo.go:31.50,34.2 1 1
qdhub/internal/infrastructure/persistence/repository/workflow_repo.go:37.91,39.2 1 1
qdhub/internal/infrastructure/persistence/repository/workflow_repo.go:42.97,44.2 1 1
qdhub/internal/infrastructure/persistence/repository/workflow_repo.go:47.91,49.2 1 1
qdhub/internal/infrastructure/persistence/repository/workflow_repo.go:52.68,54.2 1 1
qdhub/internal/infrastructure/persistence/repository/workflow_repo.go:57.91,59.2 1 1
qdhub/internal/infrastructure/persistence/repository/workflow_repo.go:67.97,71.16 3 1
qdhub/internal/infrastructure/persistence/repository/workflow_repo.go:71.16,73.3 1 0
qdhub/internal/infrastructure/persistence/repository/workflow_repo.go:75.2,77.8 1 1
qdhub/internal/infrastructure/persistence/repository/workflow_repo.go:81.88,83.2 1 1
qdhub/internal/infrastructure/persistence/repository/workflow_repo.go:86.93,88.2 1 1
qdhub/internal/infrastructure/persistence/repository/workflow_repo.go:91.119,93.2 1 1
qdhub/internal/infrastructure/persistence/repository/workflow_repo.go:96.88,98.2 1 1
qdhub/internal/infrastructure/persistence/repository/workflow_repo.go:101.66,103.2 1 1
qdhub/internal/infrastructure/persistence/repository/workflow_repo_taskengine.go:20.113,22.16 2 1
qdhub/internal/infrastructure/persistence/repository/workflow_repo_taskengine.go:22.16,24.3 1 0
qdhub/internal/infrastructure/persistence/repository/workflow_repo_taskengine.go:26.2,28.8 1 1
qdhub/internal/infrastructure/persistence/repository/workflow_repo_taskengine.go:32.106,36.72 2 1
qdhub/internal/infrastructure/persistence/repository/workflow_repo_taskengine.go:36.72,38.3 1 0
qdhub/internal/infrastructure/persistence/repository/workflow_repo_taskengine.go:40.2,40.12 1 1
qdhub/internal/infrastructure/persistence/repository/workflow_repo_taskengine.go:44.112,49.16 3 1
qdhub/internal/infrastructure/persistence/repository/workflow_repo_taskengine.go:49.16,51.3 1 0
qdhub/internal/infrastructure/persistence/repository/workflow_repo_taskengine.go:52.2,52.23 1 1
qdhub/internal/infrastructure/persistence/repository/workflow_repo_taskengine.go:52.23,54.3 1 1
qdhub/internal/infrastructure/persistence/repository/workflow_repo_taskengine.go:59.2,67.17 2 1
qdhub/internal/infrastructure/persistence/repository/workflow_repo_taskengine.go:71.106,75.72 2 1
qdhub/internal/infrastructure/persistence/repository/workflow_repo_taskengine.go:75.72,77.3 1 0
qdhub/internal/infrastructure/persistence/repository/workflow_repo_taskengine.go:79.2,79.12 1 1
qdhub/internal/infrastructure/persistence/repository/workflow_repo_taskengine.go:83.78,86.64 2 1
qdhub/internal/infrastructure/persistence/repository/workflow_repo_taskengine.go:86.64,88.3 1 0
qdhub/internal/infrastructure/persistence/repository/workflow_repo_taskengine.go:90.2,90.12 1 1
qdhub/internal/infrastructure/persistence/repository/workflow_repo_taskengine.go:94.106,98.16 3 1
qdhub/internal/infrastructure/persistence/repository/workflow_repo_taskengine.go:98.16,100.3 1 0
qdhub/internal/infrastructure/persistence/repository/workflow_repo_taskengine.go:102.2,103.41 2 1
qdhub/internal/infrastructure/persistence/repository/workflow_repo_taskengine.go:103.41,110.3 2 1
qdhub/internal/infrastructure/persistence/repository/workflow_repo_taskengine.go:112.2,112.20 1 1
qdhub/internal/infrastructure/persistence/repository/workflow_repo_taskengine.go:121.109,123.16 2 1
qdhub/internal/infrastructure/persistence/repository/workflow_repo_taskengine.go:123.16,125.3 1 0
qdhub/internal/infrastructure/persistence/repository/workflow_repo_taskengine.go:127.2,129.8 1 1
qdhub/internal/infrastructure/persistence/repository/workflow_repo_taskengine.go:133.103,138.16 3 1
qdhub/internal/infrastructure/persistence/repository/workflow_repo_taskengine.go:138.16,140.3 1 0
qdhub/internal/infrastructure/persistence/repository/workflow_repo_taskengine.go:141.2,141.23 1 1
qdhub/internal/infrastructure/persistence/repository/workflow_repo_taskengine.go:141.23,143.3 1 0
qdhub/internal/infrastructure/persistence/repository/workflow_repo_taskengine.go:148.2,149.16 2 1
qdhub/internal/infrastructure/persistence/repository/workflow_repo_taskengine.go:149.16,151.3 1 0
qdhub/internal/infrastructure/persistence/repository/workflow_repo_taskengine.go:154.2,154.30 1 1
qdhub/internal/infrastructure/persistence/repository/workflow_repo_taskengine.go:154.30,158.3 1 1
qdhub/internal/infrastructure/persistence/repository/workflow_repo_taskengine.go:164.2,164.12 1 1
qdhub/internal/infrastructure/persistence/repository/workflow_repo_taskengine.go:168.108,172.16 3 1
qdhub/internal/infrastructure/persistence/repository/workflow_repo_taskengine.go:172.16,174.3 1 0
qdhub/internal/infrastructure/persistence/repository/workflow_repo_taskengine.go:175.2,175.23 1 1
qdhub/internal/infrastructure/persistence/repository/workflow_repo_taskengine.go:175.23,177.3 1 1
qdhub/internal/infrastructure/persistence/repository/workflow_repo_taskengine.go:181.2,183.24 2 1
qdhub/internal/infrastructure/persistence/repository/workflow_repo_taskengine.go:187.134,191.16 3 1
qdhub/internal/infrastructure/persistence/repository/workflow_repo_taskengine.go:191.16,193.3 1 0
qdhub/internal/infrastructure/persistence/repository/workflow_repo_taskengine.go:196.2,197.35 2 1
qdhub/internal/infrastructure/persistence/repository/workflow_repo_taskengine.go:197.35,199.3 1 1
qdhub/internal/infrastructure/persistence/repository/workflow_repo_taskengine.go:201.2,201.20 1 1
qdhub/internal/infrastructure/persistence/repository/workflow_repo_taskengine.go:205.103,209.96 2 1
qdhub/internal/infrastructure/persistence/repository/workflow_repo_taskengine.go:209.96,211.3 1 0
qdhub/internal/infrastructure/persistence/repository/workflow_repo_taskengine.go:216.2,216.12 1 1
qdhub/internal/infrastructure/persistence/repository/workflow_repo_taskengine.go:220.76,223.72 2 1
qdhub/internal/infrastructure/persistence/repository/workflow_repo_taskengine.go:223.72,225.3 1 0
qdhub/internal/infrastructure/persistence/repository/workflow_repo_taskengine.go:227.2,227.12 1 1
